This is XeTeX, Version 3.141592653-2.6-0.999995 (MiKTeX 23.4 Portable) (preloaded format=xelatex 2023.9.14)  9 OCT 2023 21:38
entering extended mode
 restricted \write18 enabled.
 file:line:error style messages enabled.
 %&-line parsing enabled.
**d:/WorkSpace/Write/demo/demo.tex
(d:/WorkSpace/Write/demo/demo.tex
LaTeX2e <2022-11-01> patch level 1
L3 programming layer <2023-03-30>
(D:\Scoop\apps\latex\current\texmfs\install\tex/latex/base\article.cls
Document Class: article 2022/07/02 v1.4n Standard LaTeX document class
(D:\Scoop\apps\latex\current\texmfs\install\tex/latex/base\size10.clo
File: size10.clo 2022/07/02 v1.4n Standard LaTeX file (size option)
)
\c@part=\count181
\c@section=\count182
\c@subsection=\count183
\c@subsubsection=\count184
\c@paragraph=\count185
\c@subparagraph=\count186
\c@figure=\count187
\c@table=\count188
\abovecaptionskip=\skip48
\belowcaptionskip=\skip49
\bibindent=\dimen140
)
(D:\Scoop\apps\latex\current\texmfs\install\tex/latex/ulem\ulem.sty
\UL@box=\box51
\UL@hyphenbox=\box52
\UL@skip=\skip50
\UL@hook=\toks16
\UL@height=\dimen141
\UL@pe=\count189
\UL@pixel=\dimen142
\ULC@box=\box53
Package: ulem 2019/11/18
\ULdepth=\dimen143
)
(D:\Scoop\apps\latex\current\texmfs\install\tex/xelatex/xecjk\xeCJK.sty
(D:\Scoop\apps\latex\current\texmfs\install\tex/latex/l3kernel\expl3.sty
Package: expl3 2023-03-30 L3 programming layer (loader) 

(D:\Scoop\apps\latex\current\texmfs\install\tex/latex/l3backend\l3backend-xetex
.def
File: l3backend-xetex.def 2023-03-30 L3 backend support: XeTeX
\g__graphics_track_int=\count190
\l__pdf_internal_box=\box54
\g__pdf_backend_object_int=\count191
\g__pdf_backend_annotation_int=\count192
\g__pdf_backend_link_int=\count193
))
Package: xeCJK 2022/08/05 v3.9.1 Typesetting CJK scripts with XeLaTeX
 (D:\Scoop\apps\latex\current\texmfs\install\tex/latex/ctex\ctexhook.sty
Package: ctexhook 2022/07/14 v2.5.10 Document and package hooks (CTEX)
)
(D:\Scoop\apps\latex\current\texmfs\install\tex/latex/l3packages/xtemplate\xtem
plate.sty
Package: xtemplate 2023-02-02 L3 Experimental prototype document functions
\l__xtemplate_tmp_dim=\dimen144
\l__xtemplate_tmp_int=\count194
\l__xtemplate_tmp_muskip=\muskip16
\l__xtemplate_tmp_skip=\skip51
)
\l__xeCJK_tmp_int=\count195
\l__xeCJK_tmp_box=\box55
\l__xeCJK_tmp_dim=\dimen145
\l__xeCJK_tmp_skip=\skip52
\g__xeCJK_space_factor_int=\count196
\l__xeCJK_begin_int=\count197
\l__xeCJK_end_int=\count198
\c__xeCJK_CJK_class_int=\XeTeXcharclass1
\c__xeCJK_FullLeft_class_int=\XeTeXcharclass2
\c__xeCJK_FullRight_class_int=\XeTeXcharclass3
\c__xeCJK_HalfLeft_class_int=\XeTeXcharclass4
\c__xeCJK_HalfRight_class_int=\XeTeXcharclass5
\c__xeCJK_NormalSpace_class_int=\XeTeXcharclass6
\c__xeCJK_CM_class_int=\XeTeXcharclass7
\c__xeCJK_HangulJamo_class_int=\XeTeXcharclass8
\l__xeCJK_last_skip=\skip53
\c__xeCJK_none_node=\count199
\g__xeCJK_node_int=\count266
\c__xeCJK_CJK_node_dim=\dimen146
\c__xeCJK_CJK-space_node_dim=\dimen147
\c__xeCJK_default_node_dim=\dimen148
\c__xeCJK_CJK-widow_node_dim=\dimen149
\c__xeCJK_normalspace_node_dim=\dimen150
\c__xeCJK_default-space_node_skip=\skip54
\l__xeCJK_ccglue_skip=\skip55
\l__xeCJK_ecglue_skip=\skip56
\l__xeCJK_punct_kern_skip=\skip57
\l__xeCJK_indent_box=\box56
\l__xeCJK_last_penalty_int=\count267
\l__xeCJK_last_bound_dim=\dimen151
\l__xeCJK_last_kern_dim=\dimen152
\l__xeCJK_widow_penalty_int=\count268

Package xtemplate Info: Declaring object type 'xeCJK/punctuation' taking 0
(xtemplate)             argument(s) on line 2396.

\l__xeCJK_fixed_punct_width_dim=\dimen153
\l__xeCJK_mixed_punct_width_dim=\dimen154
\l__xeCJK_middle_punct_width_dim=\dimen155
\l__xeCJK_fixed_margin_width_dim=\dimen156
\l__xeCJK_mixed_margin_width_dim=\dimen157
\l__xeCJK_middle_margin_width_dim=\dimen158
\l__xeCJK_bound_punct_width_dim=\dimen159
\l__xeCJK_bound_margin_width_dim=\dimen160
\l__xeCJK_margin_minimum_dim=\dimen161
\l__xeCJK_kerning_total_width_dim=\dimen162
\l__xeCJK_same_align_margin_dim=\dimen163
\l__xeCJK_different_align_margin_dim=\dimen164
\l__xeCJK_kerning_margin_width_dim=\dimen165
\l__xeCJK_kerning_margin_minimum_dim=\dimen166
\l__xeCJK_bound_dim=\dimen167
\l__xeCJK_reverse_bound_dim=\dimen168
\l__xeCJK_margin_dim=\dimen169
\l__xeCJK_minimum_bound_dim=\dimen170
\l__xeCJK_kerning_margin_dim=\dimen171
\g__xeCJK_family_int=\count269
\l__xeCJK_fam_int=\count270
\g__xeCJK_fam_allocation_int=\count271
\l__xeCJK_verb_case_int=\count272
\l__xeCJK_verb_exspace_skip=\skip58

(D:\Scoop\apps\latex\current\texmfs\install\tex/latex/fontspec\fontspec.sty
(D:\Scoop\apps\latex\current\texmfs\install\tex/latex/l3packages/xparse\xparse.
sty
Package: xparse 2023-02-02 L3 Experimental document command parser
)
Package: fontspec 2022/01/15 v2.8a Font selection for XeLaTeX and LuaLaTeX

(D:\Scoop\apps\latex\current\texmfs\install\tex/latex/fontspec\fontspec-xetex.s
ty
Package: fontspec-xetex 2022/01/15 v2.8a Font selection for XeLaTeX and LuaLaTe
X
\l__fontspec_script_int=\count273
\l__fontspec_language_int=\count274
\l__fontspec_strnum_int=\count275
\l__fontspec_tmp_int=\count276
\l__fontspec_tmpa_int=\count277
\l__fontspec_tmpb_int=\count278
\l__fontspec_tmpc_int=\count279
\l__fontspec_em_int=\count280
\l__fontspec_emdef_int=\count281
\l__fontspec_strong_int=\count282
\l__fontspec_strongdef_int=\count283
\l__fontspec_tmpa_dim=\dimen172
\l__fontspec_tmpb_dim=\dimen173
\l__fontspec_tmpc_dim=\dimen174
 (D:\Scoop\apps\latex\current\texmfs\install\tex/latex/base\fontenc.sty
Package: fontenc 2021/04/29 v2.0v Standard LaTeX package
)
(D:\Scoop\apps\latex\current\texmfs\install\tex/latex/fontspec\fontspec.cfg)))
(D:\Scoop\apps\latex\current\texmfs\install\tex/xelatex/xecjk\xeCJK.cfg
File: xeCJK.cfg 2022/08/05 v3.9.1 Configuration file for xeCJK package
))
(D:\Scoop\apps\latex\current\texmfs\install\tex/latex/tools\indentfirst.sty
Package: indentfirst 1995/11/23 v1.03 Indent first paragraph (DPC)
)
(D:\Scoop\apps\latex\current\texmfs\install\tex/latex/setspace\setspace.sty
Package: setspace 2022/12/04 v6.7b set line spacing
)
(D:\Scoop\apps\latex\current\texmfs\install\tex/latex/marginnote\marginnote.sty
Package: marginnote 2018/08/09 1.4b non floating margin notes for LaTeX
\c@mn@abspage=\count284
)

Package fontspec Info: Could not resolve font "SimSun/BI" (it probably doesn't
(fontspec)             exist).


Package fontspec Info: Could not resolve font "SimSun/B" (it probably doesn't
(fontspec)             exist).


Package fontspec Info: Could not resolve font "SimSun/I" (it probably doesn't
(fontspec)             exist).


Package fontspec Info: Font family 'SimSun(0)' created for font 'SimSun' with
(fontspec)             options [Script={CJK}].
(fontspec)              
(fontspec)              This font family consists of the following NFSS
(fontspec)             series/shapes:
(fontspec)              
(fontspec)             - 'normal' (m/n) with NFSS spec.:
(fontspec)             <->"SimSun/OT:script=hani;language=dflt;"
(fontspec)             - 'small caps'  (m/sc) with NFSS spec.: 

 (demo.aux)
\openout1 = `demo.aux'.

LaTeX Font Info:    Checking defaults for OML/cmm/m/it on input line 19.
LaTeX Font Info:    ... okay on input line 19.
LaTeX Font Info:    Checking defaults for OMS/cmsy/m/n on input line 19.
LaTeX Font Info:    ... okay on input line 19.
LaTeX Font Info:    Checking defaults for OT1/cmr/m/n on input line 19.
LaTeX Font Info:    ... okay on input line 19.
LaTeX Font Info:    Checking defaults for T1/cmr/m/n on input line 19.
LaTeX Font Info:    ... okay on input line 19.
LaTeX Font Info:    Checking defaults for TS1/cmr/m/n on input line 19.
LaTeX Font Info:    Trying to load font information for TS1+cmr on input line 1
9.

(D:\Scoop\apps\latex\current\texmfs\install\tex/latex/base\ts1cmr.fd
File: ts1cmr.fd 2022/07/10 v2.5l Standard LaTeX font definitions
)
LaTeX Font Info:    ... okay on input line 19.
LaTeX Font Info:    Checking defaults for TU/lmr/m/n on input line 19.
LaTeX Font Info:    ... okay on input line 19.
LaTeX Font Info:    Checking defaults for OMX/cmex/m/n on input line 19.
LaTeX Font Info:    ... okay on input line 19.
LaTeX Font Info:    Checking defaults for U/cmr/m/n on input line 19.
LaTeX Font Info:    ... okay on input line 19.

Package fontspec Info: Adjusting the maths setup (use [no-math] to avoid
(fontspec)             this).

\symlegacymaths=\mathgroup4
LaTeX Font Info:    Overwriting symbol font `legacymaths' in version `bold'
(Font)                  OT1/cmr/m/n --> OT1/cmr/bx/n on input line 19.
LaTeX Font Info:    Redeclaring math accent \acute on input line 19.
LaTeX Font Info:    Redeclaring math accent \grave on input line 19.
LaTeX Font Info:    Redeclaring math accent \ddot on input line 19.
LaTeX Font Info:    Redeclaring math accent \tilde on input line 19.
LaTeX Font Info:    Redeclaring math accent \bar on input line 19.
LaTeX Font Info:    Redeclaring math accent \breve on input line 19.
LaTeX Font Info:    Redeclaring math accent \check on input line 19.
LaTeX Font Info:    Redeclaring math accent \hat on input line 19.
LaTeX Font Info:    Redeclaring math accent \dot on input line 19.
LaTeX Font Info:    Redeclaring math accent \mathring on input line 19.
LaTeX Font Info:    Redeclaring math symbol \colon on input line 19.
LaTeX Font Info:    Redeclaring math symbol \Gamma on input line 19.
LaTeX Font Info:    Redeclaring math symbol \Delta on input line 19.
LaTeX Font Info:    Redeclaring math symbol \Theta on input line 19.
LaTeX Font Info:    Redeclaring math symbol \Lambda on input line 19.
LaTeX Font Info:    Redeclaring math symbol \Xi on input line 19.
LaTeX Font Info:    Redeclaring math symbol \Pi on input line 19.
LaTeX Font Info:    Redeclaring math symbol \Sigma on input line 19.
LaTeX Font Info:    Redeclaring math symbol \Upsilon on input line 19.
LaTeX Font Info:    Redeclaring math symbol \Phi on input line 19.
LaTeX Font Info:    Redeclaring math symbol \Psi on input line 19.
LaTeX Font Info:    Redeclaring math symbol \Omega on input line 19.
LaTeX Font Info:    Redeclaring math symbol \mathdollar on input line 19.
LaTeX Font Info:    Redeclaring symbol font `operators' on input line 19.
LaTeX Font Info:    Encoding `OT1' has changed to `TU' for symbol font
(Font)              `operators' in the math version `normal' on input line 19.
LaTeX Font Info:    Overwriting symbol font `operators' in version `normal'
(Font)                  OT1/cmr/m/n --> TU/lmr/m/n on input line 19.
LaTeX Font Info:    Encoding `OT1' has changed to `TU' for symbol font
(Font)              `operators' in the math version `bold' on input line 19.
LaTeX Font Info:    Overwriting symbol font `operators' in version `bold'
(Font)                  OT1/cmr/bx/n --> TU/lmr/m/n on input line 19.
LaTeX Font Info:    Overwriting symbol font `operators' in version `normal'
(Font)                  TU/lmr/m/n --> TU/lmr/m/n on input line 19.
LaTeX Font Info:    Overwriting math alphabet `\mathit' in version `normal'
(Font)                  OT1/cmr/m/it --> TU/lmr/m/it on input line 19.
LaTeX Font Info:    Overwriting math alphabet `\mathbf' in version `normal'
(Font)                  OT1/cmr/bx/n --> TU/lmr/b/n on input line 19.
LaTeX Font Info:    Overwriting math alphabet `\mathsf' in version `normal'
(Font)                  OT1/cmss/m/n --> TU/lmss/m/n on input line 19.
LaTeX Font Info:    Overwriting math alphabet `\mathtt' in version `normal'
(Font)                  OT1/cmtt/m/n --> TU/lmtt/m/n on input line 19.
LaTeX Font Info:    Overwriting symbol font `operators' in version `bold'
(Font)                  TU/lmr/m/n --> TU/lmr/b/n on input line 19.
LaTeX Font Info:    Overwriting math alphabet `\mathit' in version `bold'
(Font)                  OT1/cmr/bx/it --> TU/lmr/b/it on input line 19.
LaTeX Font Info:    Overwriting math alphabet `\mathsf' in version `bold'
(Font)                  OT1/cmss/bx/n --> TU/lmss/b/n on input line 19.
LaTeX Font Info:    Overwriting math alphabet `\mathtt' in version `bold'
(Font)                  OT1/cmtt/m/n --> TU/lmtt/b/n on input line 19.
LaTeX Font Info:    External font `cmex10' loaded for size
(Font)              <12> on input line 20.
LaTeX Font Info:    External font `cmex10' loaded for size
(Font)              <8> on input line 20.
LaTeX Font Info:    External font `cmex10' loaded for size
(Font)              <6> on input line 20.
 (demo.toc
LaTeX Font Info:    External font `cmex10' loaded for size
(Font)              <7> on input line 2.
LaTeX Font Info:    External font `cmex10' loaded for size
(Font)              <5> on input line 2.
)
\tf@toc=\write3
\openout3 = `demo.toc'.

LaTeX Font Info:    External font `cmex10' loaded for size
(Font)              <9> on input line 30.
LaTeX Font Info:    Trying to load font information for OMS+lmr on input line 3
1.
 (D:\Scoop\apps\latex\current\texmfs\install\tex/latex/lm\omslmr.fd
File: omslmr.fd 2015/05/01 v1.6.1 Font defs for Latin Modern
)
LaTeX Font Info:    Trying to load font information for OMS+lmsy on input line 
31.

(D:\Scoop\apps\latex\current\texmfs\install\tex/latex/lm\omslmsy.fd
File: omslmsy.fd 2015/05/01 v1.6.1 Font defs for Latin Modern
)
LaTeX Font Info:    Font shape `OMS/lmr/m/n' in size <9> not available
(Font)              Font shape `OMS/lmsy/m/n' tried instead on input line 31.
 [1

]

Package xeCJK Warning: Unknown CJK family `\CJKttdefault' is being ignored.
(xeCJK)                
(xeCJK)                Try to use `\setCJKmonofont[<...>]{<...>}' to define
(xeCJK)                it.

Package marginnote Info: Margin note 2.1 is on absolute page 2 on input line 81
.
Package marginnote Info: right page because not two side mode on input line 81.

Package marginnote Info: xpos seems to be 134.26999pt on input line 81.
Package marginnote Info: Margin note 2.2 is on absolute page 2 on input line 83
.
Package marginnote Info: right page because not two side mode on input line 83.

Package marginnote Info: xpos seems to be 134.26999pt on input line 83.
[2]
Underfull \hbox (badness 10000) detected at line 113
\TU/SimSun(0)/m/n/9 仪 仗 队
 []

[3] (demo.aux) ) 
Here is how much of TeX's memory you used:
 4973 strings out of 411463
 155015 string characters out of 5818413
 1851290 words of memory out of 5000000
 25186 multiletter control sequences out of 15000+600000
 517060 words of font info for 68 fonts, out of 8000000 for 9000
 1348 hyphenation exceptions out of 8191
 70i,8n,81p,318b,454s stack positions out of 10000i,1000n,20000p,200000b,200000s

Output written on demo.pdf (3 pages).
